This file contains any messages produced by compilers while
running configure, to aid debugging if configure makes a mistake.

It was created by ECE4750 Microbenchmark Suite configure ?, which was
generated by GNU Autoconf 2.69.  Invocation command line was

  $ ../configure --host=riscv32-unknown-elf

## --------- ##
## Platform. ##
## --------- ##

hostname = 4a3f4d50c460
uname -m = x86_64
uname -r = 6.5.0-15-generic
uname -s = Linux
uname -v = #15~22.04.1-Ubuntu SMP PREEMPT_DYNAMIC Fri Jan 12 18:54:30 UTC 2

/usr/bin/uname -p = x86_64
/bin/uname -X     = unknown

/bin/arch              = x86_64
/usr/bin/arch -k       = unknown
/usr/convex/getsysinfo = unknown
/usr/bin/hostinfo      = unknown
/bin/machine           = unknown
/usr/bin/oslevel       = unknown
/bin/universe          = unknown

PATH: /usr/local/sbin
PATH: /usr/local/bin
PATH: /usr/sbin
PATH: /usr/bin
PATH: /sbin
PATH: /bin
PATH: /home/docker/.local/bin
PATH: /home/docker/.local/lib/python3.10/site-packages
PATH: /usr/local/lib/python3.10/dist-packages
PATH: /opt/riscv/bin
PATH: /opt/riscv/bin


## ----------- ##
## Core tests. ##
## ----------- ##

configure:1876: checking build system type
configure:1890: result: x86_64-unknown-linux-gnu
configure:1910: checking host system type
configure:1923: result: riscv32-unknown-elf
configure:1957: checking for riscv32-unknown-elf-gcc
configure:1973: found /opt/riscv/bin/riscv32-unknown-elf-gcc
configure:1984: result: riscv32-unknown-elf-gcc
configure:2253: checking for C compiler version
configure:2262: riscv32-unknown-elf-gcc --version >&5
riscv32-unknown-elf-gcc (g1ea978e3066) 12.1.0
Copyright (C) 2022 Free Software Foundation, Inc.
This is free software; see the source for copying conditions.  There is NO
warranty; not even for MERCHANTABILITY or FITNESS FOR A PARTICULAR PURPOSE.

configure:2273: $? = 0
configure:2262: riscv32-unknown-elf-gcc -v >&5
Using built-in specs.
COLLECT_GCC=riscv32-unknown-elf-gcc
COLLECT_LTO_WRAPPER=/opt/riscv/libexec/gcc/riscv32-unknown-elf/12.1.0/lto-wrapper
Target: riscv32-unknown-elf
Configured with: /tmp/rv_gcc/riscv-gnu-toolchain/gcc/configure --target=riscv32-unknown-elf --prefix=/opt/riscv --disable-shared --disable-threads --enable-languages=c,c++ --with-pkgversion=g1ea978e3066 --with-system-zlib --enable-tls --with-newlib --with-sysroot=/opt/riscv/riscv32-unknown-elf --with-native-system-header-dir=/include --disable-libmudflap --disable-libssp --disable-libquadmath --disable-libgomp --disable-nls --disable-tm-clone-registry --src=/tmp/rv_gcc/riscv-gnu-toolchain/gcc --disable-multilib --with-abi=ilp32 --with-arch=rv32i --with-tune=rocket --with-isa-spec=2.2 'CFLAGS_FOR_TARGET=-Os   -mcmodel=medlow' 'CXXFLAGS_FOR_TARGET=-Os   -mcmodel=medlow'
Thread model: single
Supported LTO compression algorithms: zlib
gcc version 12.1.0 (g1ea978e3066) 
configure:2273: $? = 0
configure:2262: riscv32-unknown-elf-gcc -V >&5
riscv32-unknown-elf-gcc: error: unrecognized command-line option '-V'
riscv32-unknown-elf-gcc: fatal error: no input files
compilation terminated.
configure:2273: $? = 1
configure:2262: riscv32-unknown-elf-gcc -qversion >&5
riscv32-unknown-elf-gcc: error: unrecognized command-line option '-qversion'; did you mean '--version'?
riscv32-unknown-elf-gcc: fatal error: no input files
compilation terminated.
configure:2273: $? = 1
configure:2293: checking whether the C compiler works
configure:2315: riscv32-unknown-elf-gcc    conftest.c  >&5
configure:2319: $? = 0
configure:2367: result: yes
configure:2370: checking for C compiler default output file name
configure:2372: result: a.out
configure:2378: checking for suffix of executables
configure:2385: riscv32-unknown-elf-gcc -o conftest    conftest.c  >&5
configure:2389: $? = 0
configure:2411: result: 
configure:2433: checking whether we are cross compiling
configure:2441: riscv32-unknown-elf-gcc -o conftest    conftest.c  >&5
configure:2445: $? = 0
configure:2452: ./conftest
../configure: line 2454:  9401 Segmentation fault      (core dumped) ./conftest$ac_cv_exeext
configure:2456: $? = 139
configure:2471: result: yes
configure:2476: checking for suffix of object files
configure:2498: riscv32-unknown-elf-gcc -c   conftest.c >&5
configure:2502: $? = 0
configure:2523: result: o
configure:2527: checking whether we are using the GNU C compiler
configure:2546: riscv32-unknown-elf-gcc -c   conftest.c >&5
configure:2546: $? = 0
configure:2555: result: yes
configure:2564: checking whether riscv32-unknown-elf-gcc accepts -g
configure:2584: riscv32-unknown-elf-gcc -c -g  conftest.c >&5
configure:2584: $? = 0
configure:2625: result: yes
configure:2642: checking for riscv32-unknown-elf-gcc option to accept ISO C89
configure:2705: riscv32-unknown-elf-gcc  -c -g -O2  conftest.c >&5
configure:2705: $? = 0
configure:2718: result: none needed
configure:2755: checking for riscv32-unknown-elf-g++
configure:2771: found /opt/riscv/bin/riscv32-unknown-elf-g++
configure:2782: result: riscv32-unknown-elf-g++
configure:2853: checking for C++ compiler version
configure:2862: riscv32-unknown-elf-g++ --version >&5
riscv32-unknown-elf-g++ (g1ea978e3066) 12.1.0
Copyright (C) 2022 Free Software Foundation, Inc.
This is free software; see the source for copying conditions.  There is NO
warranty; not even for MERCHANTABILITY or FITNESS FOR A PARTICULAR PURPOSE.

configure:2873: $? = 0
configure:2862: riscv32-unknown-elf-g++ -v >&5
Using built-in specs.
COLLECT_GCC=riscv32-unknown-elf-g++
COLLECT_LTO_WRAPPER=/opt/riscv/libexec/gcc/riscv32-unknown-elf/12.1.0/lto-wrapper
Target: riscv32-unknown-elf
Configured with: /tmp/rv_gcc/riscv-gnu-toolchain/gcc/configure --target=riscv32-unknown-elf --prefix=/opt/riscv --disable-shared --disable-threads --enable-languages=c,c++ --with-pkgversion=g1ea978e3066 --with-system-zlib --enable-tls --with-newlib --with-sysroot=/opt/riscv/riscv32-unknown-elf --with-native-system-header-dir=/include --disable-libmudflap --disable-libssp --disable-libquadmath --disable-libgomp --disable-nls --disable-tm-clone-registry --src=/tmp/rv_gcc/riscv-gnu-toolchain/gcc --disable-multilib --with-abi=ilp32 --with-arch=rv32i --with-tune=rocket --with-isa-spec=2.2 'CFLAGS_FOR_TARGET=-Os   -mcmodel=medlow' 'CXXFLAGS_FOR_TARGET=-Os   -mcmodel=medlow'
Thread model: single
Supported LTO compression algorithms: zlib
gcc version 12.1.0 (g1ea978e3066) 
configure:2873: $? = 0
configure:2862: riscv32-unknown-elf-g++ -V >&5
riscv32-unknown-elf-g++: error: unrecognized command-line option '-V'
riscv32-unknown-elf-g++: fatal error: no input files
compilation terminated.
configure:2873: $? = 1
configure:2862: riscv32-unknown-elf-g++ -qversion >&5
riscv32-unknown-elf-g++: error: unrecognized command-line option '-qversion'; did you mean '--version'?
riscv32-unknown-elf-g++: fatal error: no input files
compilation terminated.
configure:2873: $? = 1
configure:2877: checking whether we are using the GNU C++ compiler
configure:2896: riscv32-unknown-elf-g++ -c   conftest.cpp >&5
configure:2896: $? = 0
configure:2905: result: yes
configure:2914: checking whether riscv32-unknown-elf-g++ accepts -g
configure:2934: riscv32-unknown-elf-g++ -c -g  conftest.cpp >&5
configure:2934: $? = 0
configure:2975: result: yes
configure:3006: checking for riscv32-unknown-elf-ar
configure:3022: found /opt/riscv/bin/riscv32-unknown-elf-ar
configure:3033: result: riscv32-unknown-elf-ar
configure:3098: checking for riscv32-unknown-elf-ranlib
configure:3114: found /opt/riscv/bin/riscv32-unknown-elf-ranlib
configure:3125: result: riscv32-unknown-elf-ranlib
configure:3234: checking for a BSD-compatible install
configure:3302: result: /usr/bin/install -c
configure:3445: checking for riscv32-unknown-elf-isa-run
configure:3475: result: no
configure:3445: checking for riscv32-unknown-elf-run
configure:3461: found /opt/riscv/bin/riscv32-unknown-elf-run
configure:3472: result: riscv32-unknown-elf-run
configure:3784: configuring internal subproject ubmark
configure:3928: creating ./config.status

## ---------------------- ##
## Running config.status. ##
## ---------------------- ##

This file was extended by ECE4750 Microbenchmark Suite config.status ?, which was
generated by GNU Autoconf 2.69.  Invocation command line was

  CONFIG_FILES    = 
  CONFIG_HEADERS  = 
  CONFIG_LINKS    = 
  CONFIG_COMMANDS = 
  $ ./config.status 

on 4a3f4d50c460

config.status:824: creating ubmark.mk
config.status:824: creating Makefile
config.status:824: creating ubmark-config.h

## ---------------- ##
## Cache variables. ##
## ---------------- ##

ac_cv_build=x86_64-unknown-linux-gnu
ac_cv_c_compiler_gnu=yes
ac_cv_cxx_compiler_gnu=yes
ac_cv_env_CCC_set=
ac_cv_env_CCC_value=
ac_cv_env_CC_set=
ac_cv_env_CC_value=
ac_cv_env_CFLAGS_set=
ac_cv_env_CFLAGS_value=
ac_cv_env_CPPFLAGS_set=
ac_cv_env_CPPFLAGS_value=
ac_cv_env_CXXFLAGS_set=
ac_cv_env_CXXFLAGS_value=
ac_cv_env_CXX_set=
ac_cv_env_CXX_value=
ac_cv_env_LDFLAGS_set=
ac_cv_env_LDFLAGS_value=
ac_cv_env_LIBS_set=
ac_cv_env_LIBS_value=
ac_cv_env_STOW_PREFIX_set=
ac_cv_env_STOW_PREFIX_value=
ac_cv_env_STOW_ROOT_set=
ac_cv_env_STOW_ROOT_value=
ac_cv_env_build_alias_set=
ac_cv_env_build_alias_value=
ac_cv_env_host_alias_set=set
ac_cv_env_host_alias_value=riscv32-unknown-elf
ac_cv_env_target_alias_set=
ac_cv_env_target_alias_value=
ac_cv_host=riscv32-unknown-elf
ac_cv_objext=o
ac_cv_path_install='/usr/bin/install -c'
ac_cv_prog_AR=riscv32-unknown-elf-ar
ac_cv_prog_CC=riscv32-unknown-elf-gcc
ac_cv_prog_CXX=riscv32-unknown-elf-g++
ac_cv_prog_RANLIB=riscv32-unknown-elf-ranlib
ac_cv_prog_RUN=riscv32-unknown-elf-run
ac_cv_prog_cc_c89=
ac_cv_prog_cc_g=yes
ac_cv_prog_cxx_g=yes

## ----------------- ##
## Output variables. ##
## ----------------- ##

AR='riscv32-unknown-elf-ar'
CC='riscv32-unknown-elf-gcc'
CFLAGS='-Wall -g -O3 -march=rv32imzicsr'
CPPFLAGS=''
CXX='riscv32-unknown-elf-g++'
CXXFLAGS='-Wall -g -O3 -D_MIPS_ARCH_LLFU'
DEFS='-DHAVE_CONFIG_H'
ECHO_C=''
ECHO_N='-n'
ECHO_T=''
EXEEXT=''
INSTALL_DATA='${INSTALL} -m 644'
INSTALL_PROGRAM='${INSTALL}'
INSTALL_SCRIPT='${INSTALL}'
LDFLAGS=''
LIBOBJS=''
LIBS=''
LTLIBOBJS=''
OBJEXT='o'
PACKAGE_BUGREPORT='Ji Kim'
PACKAGE_NAME='ECE4750 Microbenchmark Suite'
PACKAGE_STRING='ECE4750 Microbenchmark Suite ?'
PACKAGE_TARNAME='ubmark'
PACKAGE_URL=''
PACKAGE_VERSION='?'
PATH_SEPARATOR=':'
RANLIB='riscv32-unknown-elf-ranlib'
RUN='riscv32-unknown-elf-run'
RUNFLAGS=''
SHELL='/bin/bash'
STOW_PREFIX=''
STOW_ROOT=''
ac_ct_CC=''
ac_ct_CXX=''
ac_ct_RUN=''
bindir='${exec_prefix}/bin'
build='x86_64-unknown-linux-gnu'
build_alias=''
build_cpu='x86_64'
build_os='linux-gnu'
build_vendor='unknown'
datadir='${datarootdir}'
datarootdir='${prefix}/share'
docdir='${datarootdir}/doc/${PACKAGE_TARNAME}'
dvidir='${docdir}'
enable_stow='no'
exec_prefix='${prefix}'
host='riscv32-unknown-elf'
host_alias='riscv32-unknown-elf'
host_cpu='riscv32'
host_os='elf'
host_vendor='unknown'
htmldir='${docdir}'
includedir='${prefix}/include'
infodir='${datarootdir}/info'
libdir='${exec_prefix}/lib'
libexecdir='${exec_prefix}/libexec'
localedir='${datarootdir}/locale'
localstatedir='${prefix}/var'
mandir='${datarootdir}/man'
mcppbs_include_external=''
mcppbs_include_external_en=''
mcppbs_include_internal='ubmark '
mcppbs_include_internal_en='ubmark '
mcppbs_install=''
oldincludedir='/usr/include'
pdfdir='${docdir}'
prefix='/usr/local'
program_transform_name='s,x,x,'
psdir='${docdir}'
runstatedir='${localstatedir}/run'
sbindir='${exec_prefix}/sbin'
sharedstatedir='${prefix}/com'
stow=''
sysconfdir='${prefix}/etc'
target_alias=''
ubmark_cppflags='-I../ubmark '
ubmark_extra_cppflags=''
ubmark_extra_ldflags=''
ubmark_extra_libs=''
ubmark_intdeps=''
ubmark_ldflags=''
ubmark_libs='-lubmark '
ubmark_pkcdeps=''

## ----------- ##
## confdefs.h. ##
## ----------- ##

/* confdefs.h */
#define PACKAGE_NAME "ECE4750 Microbenchmark Suite"
#define PACKAGE_TARNAME "ubmark"
#define PACKAGE_VERSION "?"
#define PACKAGE_STRING "ECE4750 Microbenchmark Suite ?"
#define PACKAGE_BUGREPORT "Ji Kim"
#define PACKAGE_URL ""
#define HAVE_UBMARK /**/

configure: exit 0
